<?xml version="1.0" encoding="UTF-8"?>
<!-- Generated by org.testng.reporters.JUnitXMLReporter -->
<testsuite ignored="0" hostname="DESKTOP-J33V8S8" failures="1" tests="5" name="Test" time="0.098" errors="0" timestamp="2022-04-16T01:20:25 IST">
  <testcase classname="com.demoTest.TestClass001" name="one" time="0.013">
    <failure type="java.lang.NullPointerException" message="User Define Exception">
      <![CDATA[java.lang.NullPointerException: User Define Exception
at com.demoTest.TestClass001.one(TestClass001.java:10)
at java.base/java.util.ArrayList.forEach(ArrayList.java:1511)
... Removed 27 stack frames]]>
    </failure>
  </testcase> <!-- one -->
  <testcase classname="com.demoTest.TestClass001" name="two" time="0.002"/>
  <testcase classname="com.demoTest.TestClass001" name="three" time="0.001"/>
  <testcase classname="com.demoTest.TestClass001" name="four" time="0.004"/>
  <testcase classname="com.demoTest.TestClass001" name="five" time="0.001"/>
</testsuite> <!-- Test -->
