<?xml version="1.0" encoding="UTF-8"?>
<!-- Generated by org.testng.reporters.JUnitXMLReporter -->
<testsuite ignored="5" hostname="DESKTOP-J33V8S8" failures="0" tests="0" time="0.001" errors="0" timestamp="2022-04-15T19:09:49 IST">
  <testcase classname="com.demoTest.TestClass002" name="nine" time="0.0">
    <ignored/>
  </testcase> <!-- nine -->
  <testcase classname="com.demoTest.TestClass002" name="six" time="0.0">
    <ignored/>
  </testcase> <!-- six -->
  <testcase classname="com.demoTest.TestClass002" name="eight" time="0.0">
    <ignored/>
  </testcase> <!-- eight -->
  <testcase classname="com.demoTest.TestClass002" name="ten" time="0.0">
    <ignored/>
  </testcase> <!-- ten -->
  <testcase classname="com.demoTest.TestClass002" name="seven" time="0.0">
    <ignored/>
  </testcase> <!-- seven -->
</testsuite>
