<?xml version="1.0" encoding="UTF-8"?>
<!-- Generated by org.testng.reporters.JUnitXMLReporter -->
<testsuite ignored="3" hostname="DESKTOP-J33V8S8" failures="0" tests="0" time="0.023" errors="0" timestamp="2022-04-15T09:12:37 IST">
  <testcase classname="com.demoTest.orangeHRM" name="loginVerificationSoftAssert" time="0.0">
    <ignored/>
  </testcase> <!-- loginVerificationSoftAssert -->
  <testcase classname="com.demoTest.orangeHRM" name="loginVerification" time="0.0">
    <ignored/>
  </testcase> <!-- loginVerification -->
  <testcase classname="com.demoTest.orangeHRM" name="login" time="0.0">
    <ignored/>
  </testcase> <!-- login -->
</testsuite>
