<?xml version="1.0" encoding="UTF-8"?>
<!-- Generated by org.testng.reporters.JUnitXMLReporter -->
<testsuite hostname="DESKTOP-J33V8S8" ignored="0" name="Test" tests="3" failures="0" timestamp="23 Apr 2022 17:14:34 GMT" time="55.302" errors="0">
  <testcase name="login" time="19.479" classname="com.testCass.orangeHRM"/>
  <testcase name="loginVerification" time="17.735" classname="com.testCass.orangeHRM"/>
  <testcase name="loginVerificationSoftAssert" time="18.05" classname="com.testCass.orangeHRM"/>
</testsuite> <!-- Test -->
