<?xml version="1.0" encoding="UTF-8"?>
<testng-results skipped="0" failed="0" ignored="0" total="3" passed="3">
  <reporter-output>
  </reporter-output>
  <suite name="Suite" duration-ms="55302" started-at="2022-04-23T17:13:38Z" finished-at="2022-04-23T17:14:34Z">
    <groups>
    </groups>
    <test name="Test" duration-ms="55302" started-at="2022-04-23T17:13:38Z" finished-at="2022-04-23T17:14:34Z">
      <class name="com.testCass.orangeHRM">
        <test-method status="PASS" signature="login(java.lang.String)[pri:0, instance:com.testCass.orangeHRM@1b06cab]" name="login" duration-ms="19479" started-at="2022-04-23T17:13:38Z" finished-at="2022-04-23T17:13:58Z">
          <params>
            <param index="0">
              <value>
                <![CDATA[https://opensource-demo.orangehrmlive.com/]]>
              </value>
            </param>
          </params>
          <reporter-output>
          </reporter-output>
        </test-method> <!-- login -->
        <test-method status="PASS" signature="loginVerification()[pri:0, instance:com.testCass.orangeHRM@1b06cab]" name="loginVerification" duration-ms="17735" started-at="2022-04-23T17:13:58Z" finished-at="2022-04-23T17:14:15Z">
          <reporter-output>
          </reporter-output>
        </test-method> <!-- loginVerification -->
        <test-method status="PASS" signature="loginVerificationSoftAssert()[pri:0, instance:com.testCass.orangeHRM@1b06cab]" name="loginVerificationSoftAssert" duration-ms="18050" started-at="2022-04-23T17:14:15Z" finished-at="2022-04-23T17:14:34Z">
          <reporter-output>
          </reporter-output>
        </test-method> <!-- loginVerificationSoftAssert -->
      </class> <!-- com.testCass.orangeHRM -->
    </test> <!-- Test -->
  </suite> <!-- Suite -->
</testng-results>
